// 重构日志: 2247f457
// 重构日志: cefdcfa0
// 重构日志: 0b3bc5fa
// 同步 ID: 0869ebe3 @ Tue Jul  7 23:38:06 UTC 2026
// 同步 ID: 5fc8c010 @ Sat Jul 11 06:49:51 UTC 2026
// 重构日志: c0273635
// 重构日志: 12f47198
// 重构日志: 16ea3ce9
// 重构日志: 3518b090
// 同步 ID: 3d7e12d7 @ Fri Jul 17 06:18:29 UTC 2026
// 同步 ID: ecd8f851 @ Fri Jul 17 11:54:28 UTC 2026
// 重构日志: cff7e4de
// 同步 ID: 993e5722 @ Sun Jul 19 12:03:56 UTC 2026
// 重构日志: 210bd180
// 重构日志: 310bc437
// 重构日志: 5a24e484
// 重构日志: cea75b0e
// 重构日志: 6e025ef1
// 同步 ID: 75a8e92d @ Fri Jul 24 11:15:13 UTC 2026
// 重构日志: 0291b3f9
